<?xml version="1.0" encoding="UTF-8"?>
<testng-results skipped="0" failed="0" total="1" passed="1">
  <reporter-output>
  </reporter-output>
  <suite name="Default suite" duration-ms="43766" started-at="2015-11-12T05:42:25Z" finished-at="2015-11-12T05:43:09Z">
    <groups>
    </groups>
    <test name="Default test" duration-ms="43766" started-at="2015-11-12T05:42:25Z" finished-at="2015-11-12T05:43:09Z">
      <class name="com.maven.test.JuniperExcel">
        <test-method status="PASS" signature="setup()[pri:0, instance:com.maven.test.JuniperExcel@3a8c5214]" name="setup" is-config="true" duration-ms="12605" started-at="2015-11-12T11:12:25Z" finished-at="2015-11-12T11:12:38Z">
          <reporter-output>
          </reporter-output>
        </test-method> <!-- setup -->
        <test-method status="PASS" signature="myTest()[pri:0, instance:com.maven.test.JuniperExcel@3a8c5214]" name="myTest" duration-ms="30387" started-at="2015-11-12T11:12:38Z" finished-at="2015-11-12T11:13:08Z">
          <reporter-output>
          </reporter-output>
        </test-method> <!-- myTest -->
        <test-method status="PASS" signature="quit()[pri:0, instance:com.maven.test.JuniperExcel@3a8c5214]" name="quit" is-config="true" duration-ms="760" started-at="2015-11-12T11:13:08Z" finished-at="2015-11-12T11:13:09Z">
          <reporter-output>
          </reporter-output>
        </test-method> <!-- quit -->
      </class> <!-- com.maven.test.JuniperExcel -->
    </test> <!-- Default test -->
  </suite> <!-- Default suite -->
</testng-results>
