<?xml version="1.0" encoding="UTF-8"?>
<!-- Generated by org.testng.reporters.JUnitXMLReporter -->
<testsuite hostname="NODE439" name="smokeTest2" tests="3" failures="0" timestamp="6 Nov 2015 07:41:05 GMT" time="25.145" errors="0">
  <testcase name="openBrowsers" time="3.898" classname="com.maven.test.ParallelTest"/>
  <testcase name="test" time="14.244" classname="com.maven.test.ParallelTest"/>
  <testcase name="getLinks" time="5.036" classname="com.maven.test.ParallelTest"/>
</testsuite> <!-- smokeTest2 -->
